[1115/193541.067:ERROR:process_reader_win.cc(182)] ResumeThread: The parameter is incorrect. (0x57)
[1115/193541.069:ERROR:process_reader_win.cc(151)] SuspendThread: Access is denied. (0x5)
[1115/193541.069:ERROR:process_reader_win.cc(151)] SuspendThread: Access is denied. (0x5)
[1115/193541.069:ERROR:process_reader_win.cc(151)] SuspendThread: Access is denied. (0x5)
[1115/193541.069:ERROR:process_reader_win.cc(151)] SuspendThread: Access is denied. (0x5)
[1115/193541.069:ERROR:process_reader_win.cc(151)] SuspendThread: Access is denied. (0x5)
[1115/193541.069:ERROR:process_reader_win.cc(151)] SuspendThread: Access is denied. (0x5)
[1115/193541.069:ERROR:process_reader_win.cc(151)] SuspendThread: Access is denied. (0x5)
[1115/193541.071:ERROR:process_reader_win.cc(151)] SuspendThread: Access is denied. (0x5)
[1115/193541.071:ERROR:process_reader_win.cc(151)] SuspendThread: Access is denied. (0x5)
[1115/193541.071:ERROR:process_reader_win.cc(151)] SuspendThread: Access is denied. (0x5)
[1115/193541.071:ERROR:process_reader_win.cc(151)] SuspendThread: Access is denied. (0x5)
[1115/193541.071:ERROR:process_reader_win.cc(151)] SuspendThread: Access is denied. (0x5)
[1115/193541.071:ERROR:process_reader_win.cc(151)] SuspendThread: Access is denied. (0x5)
[1115/193541.071:ERROR:process_reader_win.cc(151)] SuspendThread: Access is denied. (0x5)
[1115/193541.071:ERROR:process_reader_win.cc(151)] SuspendThread: Access is denied. (0x5)
[1115/193541.071:ERROR:process_reader_win.cc(151)] SuspendThread: Access is denied. (0x5)
[1115/193541.071:ERROR:process_reader_win.cc(151)] SuspendThread: Access is denied. (0x5)
[1115/193541.071:ERROR:process_reader_win.cc(151)] SuspendThread: Access is denied. (0x5)
[1115/193541.071:ERROR:process_reader_win.cc(151)] SuspendThread: Access is denied. (0x5)
[1115/193541.071:ERROR:process_reader_win.cc(151)] SuspendThread: Access is denied. (0x5)
[1115/193541.071:ERROR:process_reader_win.cc(151)] SuspendThread: Access is denied. (0x5)
[1115/193541.071:ERROR:process_reader_win.cc(151)] SuspendThread: Access is denied. (0x5)
[1115/193541.071:ERROR:process_reader_win.cc(151)] SuspendThread: Access is denied. (0x5)
[1115/193541.072:ERROR:process_reader_win.cc(151)] SuspendThread: Access is denied. (0x5)
[1115/193541.072:ERROR:process_reader_win.cc(151)] SuspendThread: Access is denied. (0x5)
[1115/193541.072:ERROR:process_reader_win.cc(151)] SuspendThread: Access is denied. (0x5)
[1115/193541.072:ERROR:process_reader_win.cc(151)] SuspendThread: Access is denied. (0x5)
[1115/193541.072:ERROR:process_reader_win.cc(151)] SuspendThread: Access is denied. (0x5)
[1115/193541.080:ERROR:process_info.cc(632)] range at 0x5b922bd200000000, size 0x26a fully unreadable
[1115/193541.080:ERROR:process_info.cc(632)] range at 0x5b922bf200000000, size 0x26a fully unreadable
[1115/193541.080:ERROR:process_info.cc(632)] range at 0x0, size 0x26a fully unreadable
[1115/193541.334:ERROR:process_reader_win.cc(242)] ReadMemory at 0x26a5bfc0250 of 512 bytes failed: Only part of a ReadProcessMemory or WriteProcessMemory request was completed. (0x12B)
[1115/193541.334:ERROR:crash_report_exception_handler.cc(116)] WriteEverything failed
